{
  "stats": {
    "suites": 1,
    "tests": 1,
    "passes": 0,
    "pending": 0,
    "failures": 1,
    "start": "2021-08-19T14:31:19.906Z",
    "end": "2021-08-19T14:32:20.448Z",
    "duration": 60542,
    "testsRegistered": 1,
    "passPercent": 0,
    "pendingPercent": 0,
    "other": 0,
    "hasOther": false,
    "skipped": 0,
    "hasSkipped": false
  },
  "results": [
    {
      "uuid": "98b45239-34d3-4253-aa82-11a02290af62",
      "title": "",
      "fullFile": "cypress/integration/COMFAR4/feature/Positive Flow/Products.js",
      "file": "cypress/integration/COMFAR4/feature/Positive Flow/Products.js",
      "beforeHooks": [],
      "afterHooks": [],
      "tests": [],
      "suites": [
        {
          "uuid": "f00484c4-0dcb-4d77-8263-2f01770161e2",
          "title": "Comfar First Test Suite",
          "fullFile": "",
          "file": "",
          "beforeHooks": [],
          "afterHooks": [],
          "tests": [
            {
              "title": "Add Products",
              "fullTitle": "Comfar First Test Suite Add Products",
              "timedOut": null,
              "duration": 60448,
              "state": "failed",
              "speed": null,
              "pass": false,
              "fail": true,
              "pending": false,
              "context": null,
              "code": "cy.visit(\"http://vm-dev1.westeurope.cloudapp.azure.com:8001/#/\"); //Login\ncy.get('input[placeholder=\"User Name\"]').type('unidoadmin');\ncy.get('input[type=\"password\"]').type('admin123');\ncy.get('.my-4').click();\ncy.wait(2000); // My Project        \ncy.get('.pr-3 > .sidenav-toggler-inner > :nth-child(1)').click();\ncy.get('.active.nav-link').click();\ncy.contains('My Projects').click().should('be.hidden');\ncy.get('tr td:nth-child(2) > a.wrap-text').eq(0).click({\n  force: true\n});\ncy.get('#2Products').click();\ncy.get('#btnaddproduct').click();\ncy.get('#txtproductname').type('Product1');\ncy.get('#numnominalcapacity').type('122333');\ncy.wait(2000); //failing if we giving format as dd-mm-yyyy or giving /instead of hyphen -. \ncy.get('#dtstartdateproduction').type('2021-07-28');\ncy.get('#dtendofproduction').type('2021-07-27');\ncy.get('select').select('Centimetre'); //Add Custom Unit\ncy.get('#btnsetcustomunit').click();\ncy.get('#txtaddunit').type('testunit');\ncy.get('#btnaddunit').click();\ncy.get('#btnsubmitproductdetails').click();\ncy.log(\"Products Added Successfully\"); //EDIT PRODUCT\ncy.get(':nth-child(2) > :nth-child(7) > #btneditproduct').click();\ncy.get('#txteditproductname').type('editedtestunit');\ncy.get('select').select('dummy');\ncy.get('#dteditproductionstartdate').type('2021-08-02');\ncy.get('#dteditendofproduction').type('2021-08-05');\ncy.get('#numeditnominalcapacity').type('987');\ncy.get('#btnupdateproduct').click();\ncy.log(\"Products Updated Successfully\"); //DELETE PRODUCT\ncy.get(':nth-child(2) > :nth-child(7) > #btndeleteproduct').click();\ncy.get('.btn-secondary').click();\ncy.get(':nth-child(2) > :nth-child(7) > #btndeleteproduct').click();\ncy.get('.modal-footer > .btn-primary').click();\ncy.log(\"Products Deleted Successfully\"); //.btn-secondary",
              "err": {
                "message": "CypressError: Timed out after waiting `60000ms` for your remote page to load.\n\nYour page did not fire its `load` event within `60000ms`.\n\nYou can try increasing the `pageLoadTimeout` value in `cypress.json` to wait longer.\n\nBrowsers will not fire the `load` event until all stylesheets and scripts are done downloading.\n\nWhen this `load` event occurs, Cypress will continue running commands.",
                "estack": "CypressError: Timed out after waiting `60000ms` for your remote page to load.\n\nYour page did not fire its `load` event within `60000ms`.\n\nYou can try increasing the `pageLoadTimeout` value in `cypress.json` to wait longer.\n\nBrowsers will not fire the `load` event until all stylesheets and scripts are done downloading.\n\nWhen this `load` event occurs, Cypress will continue running commands.\n    at timedOutWaitingForPageLoad (http://vm-dev1.westeurope.cloudapp.azure.com:8001/__cypress/runner/cypress_runner.js:142972:13)\n    at http://vm-dev1.westeurope.cloudapp.azure.com:8001/__cypress/runner/cypress_runner.js:144009:16\n    at tryCatcher (http://vm-dev1.westeurope.cloudapp.azure.com:8001/__cypress/runner/cypress_runner.js:13212:23)\n    at http://vm-dev1.westeurope.cloudapp.azure.com:8001/__cypress/runner/cypress_runner.js:8334:41\n    at tryCatcher (http://vm-dev1.westeurope.cloudapp.azure.com:8001/__cypress/runner/cypress_runner.js:13212:23)\n    at Promise._settlePromiseFromHandler (http://vm-dev1.westeurope.cloudapp.azure.com:8001/__cypress/runner/cypress_runner.js:11147:31)\n    at Promise._settlePromise (http://vm-dev1.westeurope.cloudapp.azure.com:8001/__cypress/runner/cypress_runner.js:11204:18)\n    at Promise._settlePromise0 (http://vm-dev1.westeurope.cloudapp.azure.com:8001/__cypress/runner/cypress_runner.js:11249:10)\n    at Promise._settlePromises (http://vm-dev1.westeurope.cloudapp.azure.com:8001/__cypress/runner/cypress_runner.js:11325:18)\n    at _drainQueueStep (http://vm-dev1.westeurope.cloudapp.azure.com:8001/__cypress/runner/cypress_runner.js:7919:12)\n    at _drainQueue (http://vm-dev1.westeurope.cloudapp.azure.com:8001/__cypress/runner/cypress_runner.js:7912:9)\n    at Async.../../node_modules/bluebird/js/release/async.js.Async._drainQueues (http://vm-dev1.westeurope.cloudapp.azure.com:8001/__cypress/runner/cypress_runner.js:7928:5)\n    at Async.drainQueues (http://vm-dev1.westeurope.cloudapp.azure.com:8001/__cypress/runner/cypress_runner.js:7798:14)\nFrom Your Spec Code:\n    at Context.eval (http://vm-dev1.westeurope.cloudapp.azure.com:8001/__cypress/tests?p=cypress\\integration\\COMFAR4\\feature\\Positive%20Flow\\Products.js:102:8)",
                "diff": null
              },
              "uuid": "ece53d49-ece8-4c8b-b8ae-9413703c66db",
              "parentUUID": "f00484c4-0dcb-4d77-8263-2f01770161e2",
              "isHook": false,
              "skipped": false
            }
          ],
          "suites": [],
          "passes": [],
          "failures": [
            "ece53d49-ece8-4c8b-b8ae-9413703c66db"
          ],
          "pending": [],
          "skipped": [],
          "duration": 60448,
          "root": false,
          "rootEmpty": false,
          "_timeout": 2000
        }
      ],
      "passes": [],
      "failures": [],
      "pending": [],
      "skipped": [],
      "duration": 0,
      "root": true,
      "rootEmpty": true,
      "_timeout": 2000
    }
  ],
  "meta": {
    "mocha": {
      "version": "7.0.1"
    },
    "mochawesome": {
      "options": {
        "quiet": false,
        "reportFilename": "mochawesome",
        "saveHtml": false,
        "saveJson": true,
        "consoleReporter": "spec",
        "useInlineDiffs": false,
        "code": true
      },
      "version": "6.2.2"
    },
    "marge": {
      "options": {
        "overwrite": false,
        "html": false,
        "json": true
      },
      "version": "5.2.0"
    }
  }
}