{
  "stats": {
    "suites": 1,
    "tests": 1,
    "passes": 0,
    "pending": 0,
    "failures": 1,
    "start": "2021-08-19T14:03:28.255Z",
    "end": "2021-08-19T14:03:42.407Z",
    "duration": 14152,
    "testsRegistered": 1,
    "passPercent": 0,
    "pendingPercent": 0,
    "other": 0,
    "hasOther": false,
    "skipped": 0,
    "hasSkipped": false
  },
  "results": [
    {
      "uuid": "5445798b-c64b-4d5a-ac3b-553b21658719",
      "title": "",
      "fullFile": "cypress/integration/COMFAR4/feature/Negative Flow/Currency_Local_Duplication.js",
      "file": "cypress/integration/COMFAR4/feature/Negative Flow/Currency_Local_Duplication.js",
      "beforeHooks": [],
      "afterHooks": [],
      "tests": [],
      "suites": [
        {
          "uuid": "610c7188-b18b-4bb0-ae77-ca5e088b534d",
          "title": "Comfar First Test Suite",
          "fullFile": "",
          "file": "",
          "beforeHooks": [],
          "afterHooks": [],
          "tests": [
            {
              "title": "Add Currency",
              "fullTitle": "Comfar First Test Suite Add Currency",
              "timedOut": null,
              "duration": 14000,
              "state": "failed",
              "speed": null,
              "pass": false,
              "fail": true,
              "pending": false,
              "context": null,
              "code": "cy.fixture('adminlogin').then(function (data) {\n  this.data = data;\n  cy.visit(\"http://vm-dev1.westeurope.cloudapp.azure.com:8001/#/\");\n  cy.login(this.data.username, this.data.password);\n}); // My Project\ncy.get('.pr-3 > .sidenav-toggler-inner > :nth-child(1)').click();\ncy.get('.active.nav-link').click();\ncy.contains('My Projects').click().should('be.hidden'); // Select Project from project list\ncy.get('tr td:nth-child(2) > a.wrap-text').eq(0).click();\ncy.get('#3Currencies').click();\ncy.get('#btnaddcurrency').click();\ncy.get('select').eq(1).select('Hong Kong dollar'); //cy.get('select').eq(0).select('1')\ncy.get('#btnsubmitcurrency').click();\ncy.get('Toastify__toast-body').should('have.text', 'Project currency already exists, please try with different currency.'); // Add Foreign Currency\ncy.get('#btnaddcurrency').click();\ncy.get('select').eq(1).select('Indian rupee');\ncy.get('#numexchangeforeignrate').type('7');\ncy.get('#numexchangelocalrate').type('1');\ncy.get('#btnsubmitcurrency').click();\ncy.get('Toastify__toast-body').should('have.text', 'Project currency already exists, please try with different currency.'); //EDIT Currency\n//Accounting Currency\ncy.get('#simple-tab-1 > .MuiTab-wrapper').click({\n  force: true\n});\ncy.get('#btneditaccountingcurrency').click();\ncy.get('select').eq(1).select(2);\ncy.get('#btnsubmitaccountingcurrency').click(); //DELETE Currency\n// cy.get('tbody tr:nth-child(1) td:nth-child(9) button:nth-child(2)').click()\ncy.get('#btndeletecurrency').click();\ncy.get('div[class=\"modal-footer\"] button:nth-child(1)').click();\ncy.get('#btndeletecurrency').click(); //cy.get('tbody tr:nth-child(1) td:nth-child(9) button:nth-child(2)').click()\ncy.get('div[class=\"modal-footer\"] button:nth-child(2)').click();",
              "err": {
                "message": "AssertionError: Timed out retrying after 4000ms: Expected to find element: `Toastify__toast-body`, but never found it.",
                "estack": "AssertionError: Timed out retrying after 4000ms: Expected to find element: `Toastify__toast-body`, but never found it.\n    at Context.eval (http://vm-dev1.westeurope.cloudapp.azure.com:8001/__cypress/tests?p=cypress\\integration\\COMFAR4\\feature\\Negative%20Flow\\Currency_Local_Duplication.js:118:36)",
                "diff": null
              },
              "uuid": "d8b06d52-4b84-4994-95f8-1683c90bbc55",
              "parentUUID": "610c7188-b18b-4bb0-ae77-ca5e088b534d",
              "isHook": false,
              "skipped": false
            }
          ],
          "suites": [],
          "passes": [],
          "failures": [
            "d8b06d52-4b84-4994-95f8-1683c90bbc55"
          ],
          "pending": [],
          "skipped": [],
          "duration": 14000,
          "root": false,
          "rootEmpty": false,
          "_timeout": 2000
        }
      ],
      "passes": [],
      "failures": [],
      "pending": [],
      "skipped": [],
      "duration": 0,
      "root": true,
      "rootEmpty": true,
      "_timeout": 2000
    }
  ],
  "meta": {
    "mocha": {
      "version": "7.0.1"
    },
    "mochawesome": {
      "options": {
        "quiet": false,
        "reportFilename": "mochawesome",
        "saveHtml": false,
        "saveJson": true,
        "consoleReporter": "spec",
        "useInlineDiffs": false,
        "code": true
      },
      "version": "6.2.2"
    },
    "marge": {
      "options": {
        "overwrite": false,
        "html": false,
        "json": true
      },
      "version": "5.2.0"
    }
  }
}