{
  "stats": {
    "suites": 1,
    "tests": 1,
    "passes": 0,
    "pending": 0,
    "failures": 1,
    "start": "2021-08-19T14:23:49.803Z",
    "end": "2021-08-19T14:23:50.306Z",
    "duration": 503,
    "testsRegistered": 1,
    "passPercent": 0,
    "pendingPercent": 0,
    "other": 0,
    "hasOther": false,
    "skipped": 0,
    "hasSkipped": false
  },
  "results": [
    {
      "uuid": "3072f585-d667-4a89-8e1d-b36ee6092ca4",
      "title": "",
      "fullFile": "cypress/integration/COMFAR4/Currency.js",
      "file": "cypress/integration/COMFAR4/Currency.js",
      "beforeHooks": [],
      "afterHooks": [],
      "tests": [],
      "suites": [
        {
          "uuid": "a9c30599-2eb0-4cb3-baaf-74f32b032eba",
          "title": "Comfar First Test Suite",
          "fullFile": "",
          "file": "",
          "beforeHooks": [],
          "afterHooks": [],
          "tests": [
            {
              "title": "Add Currency",
              "fullTitle": "Comfar First Test Suite Add Currency",
              "timedOut": null,
              "duration": 411,
              "state": "failed",
              "speed": null,
              "pass": false,
              "fail": true,
              "pending": false,
              "context": null,
              "code": "cy.visit(\"http://vm-dev1.westeurope.cloudapp.azure.com:8001/#/\"); //Login\ncy.get('input[placeholder=\"User Name\"]').type('unidoadmin');\ncy.get('input[type=\"password\"]').type('admin123');\ncy.get('.my-4').click();\ncy.wait(2000); // My Project\ncy.get('.pr-3 > .sidenav-toggler-inner > :nth-child(1)').click();\ncy.get('.active.nav-link').click();\ncy.contains('My Projects').click().should('be.hidden'); // Select Project from project list\ncy.get('tr td:nth-child(2) > a.wrap-text').eq(0).click({\n  force: true\n});\ncy.get('#3Currencies').click();\ncy.get('#btnaddcurrency').click(); // Add Local Currency if already present then skip or edit\ncy.xpath(\"//span[contains(text(),'Local')]\").click;\ncy.cy.get('select').eq(1).select('Hong Kong dollar'); //cy.get('select').eq(0).select('1')\ncy.get('#btnsubmitcurrency').click(); // Add Foreign Currency\ncy.get('#btnaddcurrency').click();\ncy.get('select').eq(1).select('Indian rupee');\ncy.get('#numexchangeforeignrate').type('7');\ncy.get('#numexchangelocalrate').type('1');\ncy.get('#btnsubmitcurrency').click(); //EDIT Currency\n//Accounting Currency\ncy.get('#simple-tab-1 > .MuiTab-wrapper').click({\n  force: true\n});\ncy.get('#btneditaccountingcurrency').click();\ncy.get('select').eq(1).select(2);\ncy.get('#btnsubmitaccountingcurrency').click(); //DELETE Currency\n// cy.get('tbody tr:nth-child(1) td:nth-child(9) button:nth-child(2)').click()\ncy.get('#btndeletecurrency').click();\ncy.get('div[class=\"modal-footer\"] button:nth-child(1)').click();\ncy.get('#btndeletecurrency').click(); //cy.get('tbody tr:nth-child(1) td:nth-child(9) button:nth-child(2)').click()\ncy.get('div[class=\"modal-footer\"] button:nth-child(2)').click();",
              "err": {
                "message": "TypeError: cy.xpath is not a function",
                "estack": "TypeError: cy.xpath is not a function\n    at Context.eval (http://vm-dev1.westeurope.cloudapp.azure.com:8001/__cypress/tests?p=cypress\\integration\\COMFAR4\\Currency.js:119:8)",
                "diff": null
              },
              "uuid": "32e5b441-89a7-4360-9760-204ff8f30be4",
              "parentUUID": "a9c30599-2eb0-4cb3-baaf-74f32b032eba",
              "isHook": false,
              "skipped": false
            }
          ],
          "suites": [],
          "passes": [],
          "failures": [
            "32e5b441-89a7-4360-9760-204ff8f30be4"
          ],
          "pending": [],
          "skipped": [],
          "duration": 411,
          "root": false,
          "rootEmpty": false,
          "_timeout": 2000
        }
      ],
      "passes": [],
      "failures": [],
      "pending": [],
      "skipped": [],
      "duration": 0,
      "root": true,
      "rootEmpty": true,
      "_timeout": 2000
    }
  ],
  "meta": {
    "mocha": {
      "version": "7.0.1"
    },
    "mochawesome": {
      "options": {
        "quiet": false,
        "reportFilename": "mochawesome",
        "saveHtml": false,
        "saveJson": true,
        "consoleReporter": "spec",
        "useInlineDiffs": false,
        "code": true
      },
      "version": "6.2.2"
    },
    "marge": {
      "options": {
        "overwrite": false,
        "html": false,
        "json": true
      },
      "version": "5.2.0"
    }
  }
}