{
  "stats": {
    "suites": 1,
    "tests": 1,
    "passes": 1,
    "pending": 0,
    "failures": 0,
    "start": "2021-08-19T14:04:24.608Z",
    "end": "2021-08-19T14:04:29.918Z",
    "duration": 5310,
    "testsRegistered": 1,
    "passPercent": 100,
    "pendingPercent": 0,
    "other": 0,
    "hasOther": false,
    "skipped": 0,
    "hasSkipped": false
  },
  "results": [
    {
      "uuid": "b1fc72ba-1a87-4945-b361-cc52984a16df",
      "title": "",
      "fullFile": "cypress/integration/COMFAR4/feature/Negative Flow/Login_Invalid.js",
      "file": "cypress/integration/COMFAR4/feature/Negative Flow/Login_Invalid.js",
      "beforeHooks": [],
      "afterHooks": [],
      "tests": [],
      "suites": [
        {
          "uuid": "2b5c40ea-1411-483a-a019-2581d82606b2",
          "title": "Negative Test Suite",
          "fullFile": "",
          "file": "",
          "beforeHooks": [],
          "afterHooks": [],
          "tests": [
            {
              "title": "Invalid Login Test Case",
              "fullTitle": "Negative Test Suite Invalid Login Test Case",
              "timedOut": null,
              "duration": 5238,
              "state": "passed",
              "speed": "slow",
              "pass": true,
              "fail": false,
              "pending": false,
              "context": null,
              "code": "cy.visit(\"http://vm-dev1.westeurope.cloudapp.azure.com:8001/#/\");\ncy.get('input[placeholder=\"User Name\"]').type(this.data.username);\ncy.get('input[type=\"password\"]').type(this.data.password);\ncy.get('.my-4').click();\ncy.get('.Toastify__toast-body').should('have.text', 'Something went wrong: No user found with username invalidadmin.');",
              "err": {},
              "uuid": "1b22d106-3d40-4875-aa17-e6cd65138140",
              "parentUUID": "2b5c40ea-1411-483a-a019-2581d82606b2",
              "isHook": false,
              "skipped": false
            }
          ],
          "suites": [],
          "passes": [
            "1b22d106-3d40-4875-aa17-e6cd65138140"
          ],
          "failures": [],
          "pending": [],
          "skipped": [],
          "duration": 5238,
          "root": false,
          "rootEmpty": false,
          "_timeout": 2000
        }
      ],
      "passes": [],
      "failures": [],
      "pending": [],
      "skipped": [],
      "duration": 0,
      "root": true,
      "rootEmpty": true,
      "_timeout": 2000
    }
  ],
  "meta": {
    "mocha": {
      "version": "7.0.1"
    },
    "mochawesome": {
      "options": {
        "quiet": false,
        "reportFilename": "mochawesome",
        "saveHtml": false,
        "saveJson": true,
        "consoleReporter": "spec",
        "useInlineDiffs": false,
        "code": true
      },
      "version": "6.2.2"
    },
    "marge": {
      "options": {
        "overwrite": false,
        "html": false,
        "json": true
      },
      "version": "5.2.0"
    }
  }
}