{
  "stats": {
    "suites": 1,
    "tests": 1,
    "passes": 1,
    "pending": 0,
    "failures": 0,
    "start": "2021-08-11T12:35:10.883Z",
    "end": "2021-08-11T12:35:29.087Z",
    "duration": 18204,
    "testsRegistered": 1,
    "passPercent": 100,
    "pendingPercent": 0,
    "other": 0,
    "hasOther": false,
    "skipped": 0,
    "hasSkipped": false
  },
  "results": [
    {
      "uuid": "b4fcef7a-7a85-47b2-bee3-ac3b3112333e",
      "title": "",
      "fullFile": "cypress/integration/COMFAR4/Edit_Project.js",
      "file": "cypress/integration/COMFAR4/Edit_Project.js",
      "beforeHooks": [],
      "afterHooks": [],
      "tests": [],
      "suites": [
        {
          "uuid": "b5da9a62-b055-419b-b350-7f99187eaf45",
          "title": "Comfar First Test Suite",
          "fullFile": "",
          "file": "",
          "beforeHooks": [],
          "afterHooks": [],
          "tests": [
            {
              "title": "Create Project",
              "fullTitle": "Comfar First Test Suite Create Project",
              "timedOut": null,
              "duration": 14827,
              "state": "passed",
              "speed": "slow",
              "pass": true,
              "fail": false,
              "pending": false,
              "context": null,
              "code": "cy.visit(\"http://vm-dev1.westeurope.cloudapp.azure.com:8001/#/\"); //Login\ncy.get('input[placeholder=\"User Name\"]').type('unidoadmin');\ncy.get('input[type=\"password\"]').type('admin123');\ncy.get('.my-4').click();\ncy.wait(2000); // My Project\ncy.get('.pr-3 > .sidenav-toggler-inner > :nth-child(1)').click();\ncy.get('.active.nav-link').click();\ncy.contains('My Projects').click().should('be.hidden');\ncy.get('tr td:nth-child(8) > div > a > .btn-icon').eq(0).click({\n  force: true\n});\ncy.wait(4000);\ncy.contains('Cancel').click({\n  force: true\n});\ncy.log('Cancel Done Successfully.'); // Update Project\ncy.get('tr td:nth-child(8) > div > a > .btn-icon').eq(0).click();\ncy.get('input[placeholder=\"Project Title\"]').type('add1');\ncy.contains('Update').click();\ncy.wait(3000);\ncy.log('Project Updated Successfully.'); //cy.get('form > .text-center > :nth-child(1)').click({ force: true })",
              "err": {},
              "uuid": "0d575910-10d1-4025-8793-4059f160fd48",
              "parentUUID": "b5da9a62-b055-419b-b350-7f99187eaf45",
              "isHook": false,
              "skipped": false
            }
          ],
          "suites": [],
          "passes": [
            "0d575910-10d1-4025-8793-4059f160fd48"
          ],
          "failures": [],
          "pending": [],
          "skipped": [],
          "duration": 14827,
          "root": false,
          "rootEmpty": false,
          "_timeout": 2000
        }
      ],
      "passes": [],
      "failures": [],
      "pending": [],
      "skipped": [],
      "duration": 0,
      "root": true,
      "rootEmpty": true,
      "_timeout": 2000
    }
  ],
  "meta": {
    "mocha": {
      "version": "7.0.1"
    },
    "mochawesome": {
      "options": {
        "quiet": false,
        "reportFilename": "mochawesome",
        "saveHtml": false,
        "saveJson": true,
        "consoleReporter": "spec",
        "useInlineDiffs": false,
        "code": true
      },
      "version": "6.2.2"
    },
    "marge": {
      "options": {
        "overwrite": false,
        "html": false,
        "json": true
      },
      "version": "5.2.0"
    }
  }
}