{
  "stats": {
    "suites": 1,
    "tests": 1,
    "passes": 0,
    "pending": 0,
    "failures": 1,
    "start": "2021-08-19T14:24:44.193Z",
    "end": "2021-08-19T14:25:43.125Z",
    "duration": 58932,
    "testsRegistered": 1,
    "passPercent": 0,
    "pendingPercent": 0,
    "other": 0,
    "hasOther": false,
    "skipped": 0,
    "hasSkipped": false
  },
  "results": [
    {
      "uuid": "05ad17fe-5371-4f3f-9bb4-d9b9871f49ec",
      "title": "",
      "fullFile": "cypress/integration/COMFAR4/feature/Negative Flow/Currency_Local_Duplication.js",
      "file": "cypress/integration/COMFAR4/feature/Negative Flow/Currency_Local_Duplication.js",
      "beforeHooks": [],
      "afterHooks": [],
      "tests": [],
      "suites": [
        {
          "uuid": "dba90843-f7f0-4c55-9158-8a1ea5fd9a4c",
          "title": "Comfar First Test Suite",
          "fullFile": "",
          "file": "",
          "beforeHooks": [],
          "afterHooks": [],
          "tests": [
            {
              "title": "Add Currency",
              "fullTitle": "Comfar First Test Suite Add Currency",
              "timedOut": null,
              "duration": 58821,
              "state": "failed",
              "speed": null,
              "pass": false,
              "fail": true,
              "pending": false,
              "context": null,
              "code": "cy.fixture('adminlogin').then(function (data) {\n  this.data = data;\n  cy.visit(\"http://vm-dev1.westeurope.cloudapp.azure.com:8001/#/\");\n  cy.login(this.data.username, this.data.password);\n}); // My Project\ncy.get('.pr-3 > .sidenav-toggler-inner > :nth-child(1)').click();\ncy.get('.active.nav-link').click();\ncy.contains('My Projects').click().should('be.hidden'); // Select Project from project list\ncy.get('tr td:nth-child(2) > a.wrap-text').eq(0).click();\ncy.get('#3Currencies').click();\ncy.get('#btnaddcurrency').click();\ncy.get('select').eq(1).select('Hong Kong dollar'); //cy.get('select').eq(0).select('1')\ncy.get('#btnsubmitcurrency').click();\ncy.get('Toastify__toast-body').should('have.text', 'Project currency already exists, please try with different currency.'); // Add Foreign Currency\ncy.get('#btnaddcurrency').click();\ncy.get('select').eq(1).select('Indian rupee');\ncy.get('#numexchangeforeignrate').type('7');\ncy.get('#numexchangelocalrate').type('1');\ncy.get('#btnsubmitcurrency').click();\ncy.get('Toastify__toast-body').should('have.text', 'Project currency already exists, please try with different currency.'); //EDIT Currency\n//Accounting Currency\ncy.get('#simple-tab-1 > .MuiTab-wrapper').click({\n  force: true\n});\ncy.get('#btneditaccountingcurrency').click();\ncy.get('select').eq(1).select(2);\ncy.get('#btnsubmitaccountingcurrency').click(); //DELETE Currency\n// cy.get('tbody tr:nth-child(1) td:nth-child(9) button:nth-child(2)').click()\ncy.get('#btndeletecurrency').click();\ncy.get('div[class=\"modal-footer\"] button:nth-child(1)').click();\ncy.get('#btndeletecurrency').click(); //cy.get('tbody tr:nth-child(1) td:nth-child(9) button:nth-child(2)').click()\ncy.get('div[class=\"modal-footer\"] button:nth-child(2)').click();",
              "err": {
                "message": "CypressError: `cy.visit()` failed trying to load:\n\nhttp://vm-dev1.westeurope.cloudapp.azure.com:8001/\n\nWe attempted to make an http request to this URL but the request failed without a response.\n\nWe received this error at the network level:\n\n  > Error: getaddrinfo ENOTFOUND vm-dev1.westeurope.cloudapp.azure.com\n\nCommon situations why this would fail:\n  - you don't have internet access\n  - you forgot to run / boot your web server\n  - your web server isn't accessible\n  - you have weird network configuration settings on your computer",
                "estack": "CypressError: `cy.visit()` failed trying to load:\n\nhttp://vm-dev1.westeurope.cloudapp.azure.com:8001/\n\nWe attempted to make an http request to this URL but the request failed without a response.\n\nWe received this error at the network level:\n\n  > Error: getaddrinfo ENOTFOUND vm-dev1.westeurope.cloudapp.azure.com\n\nCommon situations why this would fail:\n  - you don't have internet access\n  - you forgot to run / boot your web server\n  - your web server isn't accessible\n  - you have weird network configuration settings on your computer\n    at http://vm-dev1.westeurope.cloudapp.azure.com:8001/__cypress/runner/cypress_runner.js:143973:23\n    at visitFailedByErr (http://vm-dev1.westeurope.cloudapp.azure.com:8001/__cypress/runner/cypress_runner.js:143332:12)\n    at http://vm-dev1.westeurope.cloudapp.azure.com:8001/__cypress/runner/cypress_runner.js:143972:11\n    at tryCatcher (http://vm-dev1.westeurope.cloudapp.azure.com:8001/__cypress/runner/cypress_runner.js:13212:23)\n    at Promise._settlePromiseFromHandler (http://vm-dev1.westeurope.cloudapp.azure.com:8001/__cypress/runner/cypress_runner.js:11147:31)\n    at Promise._settlePromise (http://vm-dev1.westeurope.cloudapp.azure.com:8001/__cypress/runner/cypress_runner.js:11204:18)\n    at Promise._settlePromise0 (http://vm-dev1.westeurope.cloudapp.azure.com:8001/__cypress/runner/cypress_runner.js:11249:10)\n    at Promise._settlePromises (http://vm-dev1.westeurope.cloudapp.azure.com:8001/__cypress/runner/cypress_runner.js:11325:18)\n    at _drainQueueStep (http://vm-dev1.westeurope.cloudapp.azure.com:8001/__cypress/runner/cypress_runner.js:7919:12)\n    at _drainQueue (http://vm-dev1.westeurope.cloudapp.azure.com:8001/__cypress/runner/cypress_runner.js:7912:9)\n    at Async.../../node_modules/bluebird/js/release/async.js.Async._drainQueues (http://vm-dev1.westeurope.cloudapp.azure.com:8001/__cypress/runner/cypress_runner.js:7928:5)\n    at Async.drainQueues (http://vm-dev1.westeurope.cloudapp.azure.com:8001/__cypress/runner/cypress_runner.js:7798:14)\nFrom Your Spec Code:\n    at Context.eval (http://vm-dev1.westeurope.cloudapp.azure.com:8001/__cypress/tests?p=cypress\\integration\\COMFAR4\\feature\\Negative%20Flow\\Currency_Local_Duplication.js:104:10)\n\nFrom Node.js Internals:\n  Error: getaddrinfo ENOTFOUND vm-dev1.westeurope.cloudapp.azure.com\n      at GetAddrInfoReqWrap.onlookup [as oncomplete] (dns.js:67:26)\n  ",
                "diff": null
              },
              "uuid": "4c073234-2169-4240-abcf-6df96a8d6313",
              "parentUUID": "dba90843-f7f0-4c55-9158-8a1ea5fd9a4c",
              "isHook": false,
              "skipped": false
            }
          ],
          "suites": [],
          "passes": [],
          "failures": [
            "4c073234-2169-4240-abcf-6df96a8d6313"
          ],
          "pending": [],
          "skipped": [],
          "duration": 58821,
          "root": false,
          "rootEmpty": false,
          "_timeout": 2000
        }
      ],
      "passes": [],
      "failures": [],
      "pending": [],
      "skipped": [],
      "duration": 0,
      "root": true,
      "rootEmpty": true,
      "_timeout": 2000
    }
  ],
  "meta": {
    "mocha": {
      "version": "7.0.1"
    },
    "mochawesome": {
      "options": {
        "quiet": false,
        "reportFilename": "mochawesome",
        "saveHtml": false,
        "saveJson": true,
        "consoleReporter": "spec",
        "useInlineDiffs": false,
        "code": true
      },
      "version": "6.2.2"
    },
    "marge": {
      "options": {
        "overwrite": false,
        "html": false,
        "json": true
      },
      "version": "5.2.0"
    }
  }
}