{
  "stats": {
    "suites": 1,
    "tests": 1,
    "passes": 0,
    "pending": 0,
    "failures": 1,
    "start": "2021-08-19T14:32:40.096Z",
    "end": "2021-08-19T14:33:41.110Z",
    "duration": 61014,
    "testsRegistered": 1,
    "passPercent": 0,
    "pendingPercent": 0,
    "other": 0,
    "hasOther": false,
    "skipped": 0,
    "hasSkipped": false
  },
  "results": [
    {
      "uuid": "abf07d3a-3618-4244-96b1-488a3a4be19d",
      "title": "",
      "fullFile": "cypress/integration/COMFAR4/feature/Positive Flow/Project_feature.js",
      "file": "cypress/integration/COMFAR4/feature/Positive Flow/Project_feature.js",
      "beforeHooks": [],
      "afterHooks": [],
      "tests": [],
      "suites": [
        {
          "uuid": "71fd5c9b-e8bb-4112-9bef-9062c3095aa9",
          "title": "Comfar First Test Suite",
          "fullFile": "",
          "file": "",
          "beforeHooks": [],
          "afterHooks": [],
          "tests": [
            {
              "title": "Create Project",
              "fullTitle": "Comfar First Test Suite Create Project",
              "timedOut": null,
              "duration": 60826,
              "state": "failed",
              "speed": null,
              "pass": false,
              "fail": true,
              "pending": false,
              "context": null,
              "code": "cy.visit(\"http://vm-dev1.westeurope.cloudapp.azure.com:8001/#/\"); //Login\ncy.get('input[placeholder=\"User Name\"]').type('unidoadmin');\ncy.get('input[type=\"password\"]').type('admin123');\ncy.get('.my-4').click();\ncy.wait(4000); // Create Project\ncy.get('.pr-3 > .sidenav-toggler-inner > :nth-child(1)').click();\ncy.get('.active.nav-link').click();\ncy.contains('Create Project').click().should('be.hidden');\ncy.get('input[placeholder=\"Project Title\"]').type('ProjectTest56');\ncy.get('form > :nth-child(2) > .form-control').type('Project Description');\ncy.get('select').eq(0).select('Agricultural');\ncy.get('select').eq(1).select('Feasibility Study').should('have.value', '2');\ncy.get('form > .text-center > :nth-child(1)').click();\ncy.get(':nth-child(1) > .MuiButtonBase-root').click({\n  force: true\n}); //Project Identification\ncy.get(':nth-child(1) > .MuiButtonBase-root').click();\ncy.get('#customRadio1').check({\n  force: true\n});\ncy.get('#customCheck6').check({\n  force: true\n});\ncy.get('input[name=\"isEconomicCheckBox\"]').check({\n  force: true\n});\ncy.get('input[type=\"date\"]').type('2021-08-09', {\n  force: true\n});\ncy.contains('Special Features').click({\n  force: true\n});\ncy.get('#customCheck3').check({\n  force: true\n});\ncy.get('#customCheck2').check({\n  force: true\n});\ncy.contains('Save Details').click({\n  force: true\n}); // PLANNING HORIZON\n//ADD PRODUCTS\ncy.get(':nth-child(5) > .MuiButtonBase-root').click();\ncy.get('#btnaddproduct').click();\ncy.get('#txtproductname').type('Product1');\ncy.get('#numnominalcapacity').type('122333');\ncy.get('#dtstartdateproduction').type('2021-07-28');\ncy.get('#dtendofproduction').type('2021-07-27');\ncy.get('select').select('Centimetre');\ncy.get('#btnsubmitproductdetails').click(); // ADD Currency\ncy.get('#3Currencies').click();\ncy.get('#btnaddcurrency').click(); // Add Local Currency\ncy.get('select').eq(1).select('Hong Kong dollar'); //cy.get('select').eq(0).select('1')\ncy.get('#btnsubmitcurrency').click(); // Add Foreign Currency\ncy.get('#btnaddcurrency').click();\ncy.get('select').eq(1).select('Indian rupee');\ncy.get('#numexchangeforeignrate').type('7');\ncy.get('#numexchangelocalrate').type('1');\ncy.get('#btnsubmitcurrency').click(); //DELETE PROJECT\ncy.get('.breadcrumb > :nth-child(2) > a').click();\ncy.get(':nth-child(1) > :nth-child(8) > div > :nth-child(2)').click();\ncy.get('.btn-info').click();\ncy.log('Project Deleted Successfully');",
              "err": {
                "message": "CypressError: Timed out after waiting `60000ms` for your remote page to load.\n\nYour page did not fire its `load` event within `60000ms`.\n\nYou can try increasing the `pageLoadTimeout` value in `cypress.json` to wait longer.\n\nBrowsers will not fire the `load` event until all stylesheets and scripts are done downloading.\n\nWhen this `load` event occurs, Cypress will continue running commands.",
                "estack": "CypressError: Timed out after waiting `60000ms` for your remote page to load.\n\nYour page did not fire its `load` event within `60000ms`.\n\nYou can try increasing the `pageLoadTimeout` value in `cypress.json` to wait longer.\n\nBrowsers will not fire the `load` event until all stylesheets and scripts are done downloading.\n\nWhen this `load` event occurs, Cypress will continue running commands.\n    at timedOutWaitingForPageLoad (http://vm-dev1.westeurope.cloudapp.azure.com:8001/__cypress/runner/cypress_runner.js:142972:13)\n    at http://vm-dev1.westeurope.cloudapp.azure.com:8001/__cypress/runner/cypress_runner.js:144009:16\n    at tryCatcher (http://vm-dev1.westeurope.cloudapp.azure.com:8001/__cypress/runner/cypress_runner.js:13212:23)\n    at http://vm-dev1.westeurope.cloudapp.azure.com:8001/__cypress/runner/cypress_runner.js:8334:41\n    at tryCatcher (http://vm-dev1.westeurope.cloudapp.azure.com:8001/__cypress/runner/cypress_runner.js:13212:23)\n    at Promise._settlePromiseFromHandler (http://vm-dev1.westeurope.cloudapp.azure.com:8001/__cypress/runner/cypress_runner.js:11147:31)\n    at Promise._settlePromise (http://vm-dev1.westeurope.cloudapp.azure.com:8001/__cypress/runner/cypress_runner.js:11204:18)\n    at Promise._settlePromise0 (http://vm-dev1.westeurope.cloudapp.azure.com:8001/__cypress/runner/cypress_runner.js:11249:10)\n    at Promise._settlePromises (http://vm-dev1.westeurope.cloudapp.azure.com:8001/__cypress/runner/cypress_runner.js:11325:18)\n    at _drainQueueStep (http://vm-dev1.westeurope.cloudapp.azure.com:8001/__cypress/runner/cypress_runner.js:7919:12)\n    at _drainQueue (http://vm-dev1.westeurope.cloudapp.azure.com:8001/__cypress/runner/cypress_runner.js:7912:9)\n    at Async.../../node_modules/bluebird/js/release/async.js.Async._drainQueues (http://vm-dev1.westeurope.cloudapp.azure.com:8001/__cypress/runner/cypress_runner.js:7928:5)\n    at Async.drainQueues (http://vm-dev1.westeurope.cloudapp.azure.com:8001/__cypress/runner/cypress_runner.js:7798:14)\nFrom Your Spec Code:\n    at Context.eval (http://vm-dev1.westeurope.cloudapp.azure.com:8001/__cypress/tests?p=cypress\\integration\\COMFAR4\\feature\\Positive%20Flow\\Project_feature.js:102:8)",
                "diff": null
              },
              "uuid": "f45df89d-2d1a-45af-a799-2fe8eaa66631",
              "parentUUID": "71fd5c9b-e8bb-4112-9bef-9062c3095aa9",
              "isHook": false,
              "skipped": false
            }
          ],
          "suites": [],
          "passes": [],
          "failures": [
            "f45df89d-2d1a-45af-a799-2fe8eaa66631"
          ],
          "pending": [],
          "skipped": [],
          "duration": 60826,
          "root": false,
          "rootEmpty": false,
          "_timeout": 2000
        }
      ],
      "passes": [],
      "failures": [],
      "pending": [],
      "skipped": [],
      "duration": 0,
      "root": true,
      "rootEmpty": true,
      "_timeout": 2000
    }
  ],
  "meta": {
    "mocha": {
      "version": "7.0.1"
    },
    "mochawesome": {
      "options": {
        "quiet": false,
        "reportFilename": "mochawesome",
        "saveHtml": false,
        "saveJson": true,
        "consoleReporter": "spec",
        "useInlineDiffs": false,
        "code": true
      },
      "version": "6.2.2"
    },
    "marge": {
      "options": {
        "overwrite": false,
        "html": false,
        "json": true
      },
      "version": "5.2.0"
    }
  }
}