{
  "stats": {
    "suites": 1,
    "tests": 1,
    "passes": 1,
    "pending": 0,
    "failures": 0,
    "start": "2021-08-19T14:18:49.964Z",
    "end": "2021-08-19T14:19:06.798Z",
    "duration": 16834,
    "testsRegistered": 1,
    "passPercent": 100,
    "pendingPercent": 0,
    "other": 0,
    "hasOther": false,
    "skipped": 0,
    "hasSkipped": false
  },
  "results": [
    {
      "uuid": "299bce39-1621-4a30-bbcd-3c85b278d46d",
      "title": "",
      "fullFile": "cypress/integration/COMFAR4/Edit_Project.js",
      "file": "cypress/integration/COMFAR4/Edit_Project.js",
      "beforeHooks": [],
      "afterHooks": [],
      "tests": [],
      "suites": [
        {
          "uuid": "7205a802-2712-4c17-9d39-bd58aa916e9b",
          "title": "Comfar First Test Suite",
          "fullFile": "",
          "file": "",
          "beforeHooks": [],
          "afterHooks": [],
          "tests": [
            {
              "title": "Create Project",
              "fullTitle": "Comfar First Test Suite Create Project",
              "timedOut": null,
              "duration": 16685,
              "state": "passed",
              "speed": "slow",
              "pass": true,
              "fail": false,
              "pending": false,
              "context": null,
              "code": "cy.visit(\"http://vm-dev1.westeurope.cloudapp.azure.com:8001/#/\"); //Login\ncy.get('input[placeholder=\"User Name\"]').type('unidoadmin');\ncy.get('input[type=\"password\"]').type('admin123');\ncy.get('.my-4').click();\ncy.wait(2000); // My Project\ncy.get('.pr-3 > .sidenav-toggler-inner > :nth-child(1)').click();\ncy.get('.active.nav-link').click();\ncy.contains('My Projects').click().should('be.hidden');\ncy.get('tr td:nth-child(8) > div > a > .btn-icon').eq(0).click({\n  force: true\n});\ncy.wait(4000);\ncy.contains('Cancel').click({\n  force: true\n});\ncy.log('Cancel Done Successfully.'); // Update Project\ncy.get('tr td:nth-child(8) > div > a > .btn-icon').eq(0).click();\ncy.get('input[placeholder=\"Project Title\"]').type('add1');\ncy.contains('Update').click();\ncy.wait(3000);\ncy.log('Project Updated Successfully.'); //cy.get('form > .text-center > :nth-child(1)').click({ force: true })",
              "err": {},
              "uuid": "c7fa1b21-3cda-40ba-9f0f-10dff5a70de8",
              "parentUUID": "7205a802-2712-4c17-9d39-bd58aa916e9b",
              "isHook": false,
              "skipped": false
            }
          ],
          "suites": [],
          "passes": [
            "c7fa1b21-3cda-40ba-9f0f-10dff5a70de8"
          ],
          "failures": [],
          "pending": [],
          "skipped": [],
          "duration": 16685,
          "root": false,
          "rootEmpty": false,
          "_timeout": 2000
        }
      ],
      "passes": [],
      "failures": [],
      "pending": [],
      "skipped": [],
      "duration": 0,
      "root": true,
      "rootEmpty": true,
      "_timeout": 2000
    }
  ],
  "meta": {
    "mocha": {
      "version": "7.0.1"
    },
    "mochawesome": {
      "options": {
        "quiet": false,
        "reportFilename": "mochawesome",
        "saveHtml": false,
        "saveJson": true,
        "consoleReporter": "spec",
        "useInlineDiffs": false,
        "code": true
      },
      "version": "6.2.2"
    },
    "marge": {
      "options": {
        "overwrite": false,
        "html": false,
        "json": true
      },
      "version": "5.2.0"
    }
  }
}