{
  "stats": {
    "suites": 0,
    "tests": 1,
    "passes": 0,
    "pending": 0,
    "failures": 1,
    "start": "2021-08-19T14:17:55.396Z",
    "end": "2021-08-19T14:17:56.538Z",
    "duration": 1142,
    "testsRegistered": 1,
    "passPercent": 0,
    "pendingPercent": 0,
    "other": 0,
    "hasOther": false,
    "skipped": 0,
    "hasSkipped": false
  },
  "results": [
    {
      "uuid": "72b2ab6a-1908-4670-b7e0-f734d4a0a4c4",
      "title": "",
      "fullFile": "cypress/integration/COMFAR4/Add_Project_Identification.js",
      "file": "cypress/integration/COMFAR4/Add_Project_Identification.js",
      "beforeHooks": [],
      "afterHooks": [],
      "tests": [
        {
          "title": "An uncaught error was detected outside of a test",
          "fullTitle": "An uncaught error was detected outside of a test",
          "timedOut": null,
          "duration": 1066,
          "state": "failed",
          "speed": null,
          "pass": false,
          "fail": true,
          "pending": false,
          "context": null,
          "code": "throw err;",
          "err": {
            "message": "Error: The following error originated from your test code, not from Cypress.\n\n  > Fetching resource at '/__cypress/tests?p=cypress\\support\\index.js' failed\n\nWhen Cypress detects uncaught errors originating from your test code it will automatically fail the current test.\n\nCypress could not associate this error to any specific test.\n\nWe dynamically generated a new test to display this failure.",
            "estack": "Error: The following error originated from your test code, not from Cypress.\n\n  > Fetching resource at '/__cypress/tests?p=cypress\\support\\index.js' failed\n\nWhen Cypress detects uncaught errors originating from your test code it will automatically fail the current test.\n\nCypress could not associate this error to any specific test.\n\nWe dynamically generated a new test to display this failure.\n    at XMLHttpRequest.xhr.onerror (http://vm-dev1.westeurope.cloudapp.azure.com:8001/__cypress/runner/cypress_runner.js:162427:14)",
            "diff": null
          },
          "uuid": "5e0833ef-fbe6-4387-b7df-df664608b4e2",
          "parentUUID": "72b2ab6a-1908-4670-b7e0-f734d4a0a4c4",
          "isHook": false,
          "skipped": false
        }
      ],
      "suites": [],
      "passes": [],
      "failures": [
        "5e0833ef-fbe6-4387-b7df-df664608b4e2"
      ],
      "pending": [],
      "skipped": [],
      "duration": 1066,
      "root": true,
      "rootEmpty": false,
      "_timeout": 2000
    }
  ],
  "meta": {
    "mocha": {
      "version": "7.0.1"
    },
    "mochawesome": {
      "options": {
        "quiet": false,
        "reportFilename": "mochawesome",
        "saveHtml": false,
        "saveJson": true,
        "consoleReporter": "spec",
        "useInlineDiffs": false,
        "code": true
      },
      "version": "6.2.2"
    },
    "marge": {
      "options": {
        "overwrite": false,
        "html": false,
        "json": true
      },
      "version": "5.2.0"
    }
  }
}