{
  "stats": {
    "suites": 1,
    "tests": 1,
    "passes": 0,
    "pending": 0,
    "failures": 1,
    "start": "2021-08-19T14:26:02.714Z",
    "end": "2021-08-19T14:27:01.262Z",
    "duration": 58548,
    "testsRegistered": 1,
    "passPercent": 0,
    "pendingPercent": 0,
    "other": 0,
    "hasOther": false,
    "skipped": 0,
    "hasSkipped": false
  },
  "results": [
    {
      "uuid": "fa671905-4945-4abf-ae54-c9d1826f86ab",
      "title": "",
      "fullFile": "cypress/integration/COMFAR4/feature/Negative Flow/Duplicate_Products_Custom_Unit.js",
      "file": "cypress/integration/COMFAR4/feature/Negative Flow/Duplicate_Products_Custom_Unit.js",
      "beforeHooks": [],
      "afterHooks": [],
      "tests": [],
      "suites": [
        {
          "uuid": "af457e77-cff9-4644-b8ee-c70258f413e3",
          "title": "Comfar First Test Suite",
          "fullFile": "",
          "file": "",
          "beforeHooks": [],
          "afterHooks": [],
          "tests": [
            {
              "title": "Add Products",
              "fullTitle": "Comfar First Test Suite Add Products",
              "timedOut": null,
              "duration": 58385,
              "state": "failed",
              "speed": null,
              "pass": false,
              "fail": true,
              "pending": false,
              "context": null,
              "code": "cy.fixture('adminlogin').then(function (data) {\n  this.data = data;\n  cy.visit(\"http://vm-dev1.westeurope.cloudapp.azure.com:8001/#/\");\n  cy.login(this.data.username, this.data.password);\n}); // My Project        \ncy.get('.pr-3 > .sidenav-toggler-inner > :nth-child(1)').click();\ncy.get('.active.nav-link').click();\ncy.contains('My Projects').click().should('be.hidden');\ncy.get('tr td:nth-child(2) > a.wrap-text').eq(0).click();\ncy.get('#2Products').click();\ncy.get('#btnaddproduct').click();\ncy.get('#txtproductname').type('Product1');\ncy.get('#numnominalcapacity').type('145214sdff4');\ncy.wait(2000); //failing if we giving format as dd-mm-yyyy or giving /instead of hyphen -. \ncy.get('#dtstartdateproduction').type('2021-08-26');\ncy.get('#dtendofproduction').type('2021-08-24').should('not.have.text', '2021-08-24');\ncy.get('select').select('Centimetre');\ncy.get('#btnsubmitproductdetails').click(); //Add Custom Unit\ncy.get('#btnsetcustomunit').click();\ncy.get('#txtaddunit').type('testunit');\ncy.get('#btnaddunit').click();\ncy.get('Toastify__toast-body').should('have.text', 'Unit Name Already Exists.');",
              "err": {
                "message": "CypressError: `cy.visit()` failed trying to load:\n\nhttp://vm-dev1.westeurope.cloudapp.azure.com:8001/\n\nWe attempted to make an http request to this URL but the request failed without a response.\n\nWe received this error at the network level:\n\n  > Error: getaddrinfo ENOTFOUND vm-dev1.westeurope.cloudapp.azure.com\n\nCommon situations why this would fail:\n  - you don't have internet access\n  - you forgot to run / boot your web server\n  - your web server isn't accessible\n  - you have weird network configuration settings on your computer",
                "estack": "CypressError: `cy.visit()` failed trying to load:\n\nhttp://vm-dev1.westeurope.cloudapp.azure.com:8001/\n\nWe attempted to make an http request to this URL but the request failed without a response.\n\nWe received this error at the network level:\n\n  > Error: getaddrinfo ENOTFOUND vm-dev1.westeurope.cloudapp.azure.com\n\nCommon situations why this would fail:\n  - you don't have internet access\n  - you forgot to run / boot your web server\n  - your web server isn't accessible\n  - you have weird network configuration settings on your computer\n    at http://vm-dev1.westeurope.cloudapp.azure.com:8001/__cypress/runner/cypress_runner.js:143973:23\n    at visitFailedByErr (http://vm-dev1.westeurope.cloudapp.azure.com:8001/__cypress/runner/cypress_runner.js:143332:12)\n    at http://vm-dev1.westeurope.cloudapp.azure.com:8001/__cypress/runner/cypress_runner.js:143972:11\n    at tryCatcher (http://vm-dev1.westeurope.cloudapp.azure.com:8001/__cypress/runner/cypress_runner.js:13212:23)\n    at Promise._settlePromiseFromHandler (http://vm-dev1.westeurope.cloudapp.azure.com:8001/__cypress/runner/cypress_runner.js:11147:31)\n    at Promise._settlePromise (http://vm-dev1.westeurope.cloudapp.azure.com:8001/__cypress/runner/cypress_runner.js:11204:18)\n    at Promise._settlePromise0 (http://vm-dev1.westeurope.cloudapp.azure.com:8001/__cypress/runner/cypress_runner.js:11249:10)\n    at Promise._settlePromises (http://vm-dev1.westeurope.cloudapp.azure.com:8001/__cypress/runner/cypress_runner.js:11325:18)\n    at _drainQueueStep (http://vm-dev1.westeurope.cloudapp.azure.com:8001/__cypress/runner/cypress_runner.js:7919:12)\n    at _drainQueue (http://vm-dev1.westeurope.cloudapp.azure.com:8001/__cypress/runner/cypress_runner.js:7912:9)\n    at Async.../../node_modules/bluebird/js/release/async.js.Async._drainQueues (http://vm-dev1.westeurope.cloudapp.azure.com:8001/__cypress/runner/cypress_runner.js:7928:5)\n    at Async.drainQueues (http://vm-dev1.westeurope.cloudapp.azure.com:8001/__cypress/runner/cypress_runner.js:7798:14)\nFrom Your Spec Code:\n    at Context.eval (http://vm-dev1.westeurope.cloudapp.azure.com:8001/__cypress/tests?p=cypress\\integration\\COMFAR4\\feature\\Negative%20Flow\\Duplicate_Products_Custom_Unit.js:104:10)\n\nFrom Node.js Internals:\n  Error: getaddrinfo ENOTFOUND vm-dev1.westeurope.cloudapp.azure.com\n      at GetAddrInfoReqWrap.onlookup [as oncomplete] (dns.js:67:26)\n  ",
                "diff": null
              },
              "uuid": "b9caa641-1065-46bf-a79f-48541e958345",
              "parentUUID": "af457e77-cff9-4644-b8ee-c70258f413e3",
              "isHook": false,
              "skipped": false
            }
          ],
          "suites": [],
          "passes": [],
          "failures": [
            "b9caa641-1065-46bf-a79f-48541e958345"
          ],
          "pending": [],
          "skipped": [],
          "duration": 58385,
          "root": false,
          "rootEmpty": false,
          "_timeout": 2000
        }
      ],
      "passes": [],
      "failures": [],
      "pending": [],
      "skipped": [],
      "duration": 0,
      "root": true,
      "rootEmpty": true,
      "_timeout": 2000
    }
  ],
  "meta": {
    "mocha": {
      "version": "7.0.1"
    },
    "mochawesome": {
      "options": {
        "quiet": false,
        "reportFilename": "mochawesome",
        "saveHtml": false,
        "saveJson": true,
        "consoleReporter": "spec",
        "useInlineDiffs": false,
        "code": true
      },
      "version": "6.2.2"
    },
    "marge": {
      "options": {
        "overwrite": false,
        "html": false,
        "json": true
      },
      "version": "5.2.0"
    }
  }
}