{
  "stats": {
    "suites": 1,
    "tests": 1,
    "passes": 1,
    "pending": 0,
    "failures": 0,
    "start": "2021-08-11T12:37:02.729Z",
    "end": "2021-08-11T12:37:12.681Z",
    "duration": 9952,
    "testsRegistered": 1,
    "passPercent": 100,
    "pendingPercent": 0,
    "other": 0,
    "hasOther": false,
    "skipped": 0,
    "hasSkipped": false
  },
  "results": [
    {
      "uuid": "3c92cc59-2152-4d60-bf0b-44b715b0daf6",
      "title": "",
      "fullFile": "cypress/integration/COMFAR4/feature/Positive Flow/Login.js",
      "file": "cypress/integration/COMFAR4/feature/Positive Flow/Login.js",
      "beforeHooks": [],
      "afterHooks": [],
      "tests": [],
      "suites": [
        {
          "uuid": "944e1ff3-96e7-4583-b1b4-e4513b46cde5",
          "title": "Comfar First Test Suite",
          "fullFile": "",
          "file": "",
          "beforeHooks": [],
          "afterHooks": [],
          "tests": [
            {
              "title": "Login Test Case",
              "fullTitle": "Comfar First Test Suite Login Test Case",
              "timedOut": null,
              "duration": 6317,
              "state": "passed",
              "speed": "slow",
              "pass": true,
              "fail": false,
              "pending": false,
              "context": null,
              "code": "cy.visit(\"http://vm-dev1.westeurope.cloudapp.azure.com:8001/#/\"); //Login\ncy.get('input[placeholder=\"User Name\"]').type('unidoadmin');\ncy.get('input[type=\"password\"]').type('admin123'); //cy.contains('Sign In').click()\ncy.get('.my-4').click();\ncy.wait(2000);\ncy.get('.pr-3 > .sidenav-toggler-inner > :nth-child(1)').click();\ncy.get('.active.nav-link').click();\ncy.contains('My Projects').click();\nconsole.log(\"Login Done Successfully\");",
              "err": {},
              "uuid": "890e97a7-de7b-4cff-b576-e4db8f58cb91",
              "parentUUID": "944e1ff3-96e7-4583-b1b4-e4513b46cde5",
              "isHook": false,
              "skipped": false
            }
          ],
          "suites": [],
          "passes": [
            "890e97a7-de7b-4cff-b576-e4db8f58cb91"
          ],
          "failures": [],
          "pending": [],
          "skipped": [],
          "duration": 6317,
          "root": false,
          "rootEmpty": false,
          "_timeout": 2000
        }
      ],
      "passes": [],
      "failures": [],
      "pending": [],
      "skipped": [],
      "duration": 0,
      "root": true,
      "rootEmpty": true,
      "_timeout": 2000
    }
  ],
  "meta": {
    "mocha": {
      "version": "7.0.1"
    },
    "mochawesome": {
      "options": {
        "quiet": false,
        "reportFilename": "mochawesome",
        "saveHtml": false,
        "saveJson": true,
        "consoleReporter": "spec",
        "useInlineDiffs": false,
        "code": true
      },
      "version": "6.2.2"
    },
    "marge": {
      "options": {
        "overwrite": false,
        "html": false,
        "json": true
      },
      "version": "5.2.0"
    }
  }
}