{
  "stats": {
    "suites": 1,
    "tests": 1,
    "passes": 1,
    "pending": 0,
    "failures": 0,
    "start": "2021-08-19T14:04:39.038Z",
    "end": "2021-08-19T14:05:07.420Z",
    "duration": 28382,
    "testsRegistered": 1,
    "passPercent": 100,
    "pendingPercent": 0,
    "other": 0,
    "hasOther": false,
    "skipped": 0,
    "hasSkipped": false
  },
  "results": [
    {
      "uuid": "265058ea-0bcf-44ff-9831-aeadfa58ee00",
      "title": "",
      "fullFile": "cypress/integration/COMFAR4/feature/Negative Flow/Project_feature.js",
      "file": "cypress/integration/COMFAR4/feature/Negative Flow/Project_feature.js",
      "beforeHooks": [],
      "afterHooks": [],
      "tests": [],
      "suites": [
        {
          "uuid": "c4a4b7ba-fa51-439e-89e3-c948069b0860",
          "title": "Comfar First Test Suite",
          "fullFile": "",
          "file": "",
          "beforeHooks": [],
          "afterHooks": [],
          "tests": [
            {
              "title": "Create Project",
              "fullTitle": "Comfar First Test Suite Create Project",
              "timedOut": null,
              "duration": 28092,
              "state": "passed",
              "speed": "slow",
              "pass": true,
              "fail": false,
              "pending": false,
              "context": null,
              "code": "cy.visit(\"http://vm-dev1.westeurope.cloudapp.azure.com:8001/#/\"); //Login\ncy.get('input[placeholder=\"User Name\"]').type('unidoadmin');\ncy.get('input[type=\"password\"]').type('admin123');\ncy.get('.my-4').click();\ncy.wait(4000); // Create Project\ncy.get('.pr-3 > .sidenav-toggler-inner > :nth-child(1)').click();\ncy.get('.active.nav-link').click();\ncy.contains('Create Project').click().should('be.hidden');\ncy.get('input[placeholder=\"Project Title\"]').type('ProjectTest56');\ncy.get('form > :nth-child(2) > .form-control').type('Project Description');\ncy.get('select').eq(0).select('Agricultural');\ncy.get('select').eq(1).select('Feasibility Study').should('have.value', '2');\ncy.get('form > .text-center > :nth-child(1)').click();\ncy.get(':nth-child(1) > .MuiButtonBase-root').click({\n  force: true\n}); //Project Identification\ncy.get(':nth-child(1) > .MuiButtonBase-root').click();\ncy.get('#customRadio1').check({\n  force: true\n});\ncy.get('#customCheck6').check({\n  force: true\n});\ncy.get('input[name=\"isEconomicCheckBox\"]').check({\n  force: true\n});\ncy.get('input[type=\"date\"]').type('2021-08-09', {\n  force: true\n});\ncy.contains('Special Features').click({\n  force: true\n});\ncy.get('#customCheck3').check({\n  force: true\n});\ncy.get('#customCheck2').check({\n  force: true\n});\ncy.contains('Save Details').click({\n  force: true\n}); // PLANNING HORIZON\n//ADD PRODUCTS\ncy.get(':nth-child(5) > .MuiButtonBase-root').click();\ncy.get('#btnaddproduct').click();\ncy.get('#txtproductname').type('Product1');\ncy.get('#numnominalcapacity').type('122333');\ncy.get('#dtstartdateproduction').type('2021-07-28');\ncy.get('#dtendofproduction').type('2021-07-27');\ncy.get('select').select('Centimetre');\ncy.get('#btnsubmitproductdetails').click(); // ADD Currency\ncy.get('#3Currencies').click();\ncy.get('#btnaddcurrency').click(); // Add Local Currency\ncy.get('select').eq(1).select('Hong Kong dollar'); //cy.get('select').eq(0).select('1')\ncy.get('#btnsubmitcurrency').click(); // Add Foreign Currency\ncy.get('#btnaddcurrency').click();\ncy.get('select').eq(1).select('Indian rupee');\ncy.get('#numexchangeforeignrate').type('7');\ncy.get('#numexchangelocalrate').type('1');\ncy.get('#btnsubmitcurrency').click(); //DELETE PROJECT\ncy.get('.breadcrumb > :nth-child(2) > a').click();\ncy.get(':nth-child(1) > :nth-child(8) > div > :nth-child(2)').click();\ncy.get('.btn-info').click();\ncy.log('Project Deleted Successfully');",
              "err": {},
              "uuid": "679c7055-6476-424f-873b-8e3dbbe3f4bb",
              "parentUUID": "c4a4b7ba-fa51-439e-89e3-c948069b0860",
              "isHook": false,
              "skipped": false
            }
          ],
          "suites": [],
          "passes": [
            "679c7055-6476-424f-873b-8e3dbbe3f4bb"
          ],
          "failures": [],
          "pending": [],
          "skipped": [],
          "duration": 28092,
          "root": false,
          "rootEmpty": false,
          "_timeout": 2000
        }
      ],
      "passes": [],
      "failures": [],
      "pending": [],
      "skipped": [],
      "duration": 0,
      "root": true,
      "rootEmpty": true,
      "_timeout": 2000
    }
  ],
  "meta": {
    "mocha": {
      "version": "7.0.1"
    },
    "mochawesome": {
      "options": {
        "quiet": false,
        "reportFilename": "mochawesome",
        "saveHtml": false,
        "saveJson": true,
        "consoleReporter": "spec",
        "useInlineDiffs": false,
        "code": true
      },
      "version": "6.2.2"
    },
    "marge": {
      "options": {
        "overwrite": false,
        "html": false,
        "json": true
      },
      "version": "5.2.0"
    }
  }
}